05-Dec-2019 16:16:50.718 INFO [main] org.apache.catalina.startup.VersionLoggerListener.log Server version name:   Apache Tomcat/9.0.29
05-Dec-2019 16:16:50.724 INFO [main] org.apache.catalina.startup.VersionLoggerListener.log Server built:          Nov 16 2019 17:29:07 UTC
05-Dec-2019 16:16:50.724 INFO [main] org.apache.catalina.startup.VersionLoggerListener.log Server version number: 9.0.29.0
05-Dec-2019 16:16:50.725 INFO [main] org.apache.catalina.startup.VersionLoggerListener.log OS Name:               Windows 10
05-Dec-2019 16:16:50.725 INFO [main] org.apache.catalina.startup.VersionLoggerListener.log OS Version:            10.0
05-Dec-2019 16:16:50.726 INFO [main] org.apache.catalina.startup.VersionLoggerListener.log Architecture:          amd64
05-Dec-2019 16:16:50.726 INFO [main] org.apache.catalina.startup.VersionLoggerListener.log Java Home:             C:\Program Files\Java\jre1.8.0_231
05-Dec-2019 16:16:50.726 INFO [main] org.apache.catalina.startup.VersionLoggerListener.log JVM Version:           1.8.0_231-b11
05-Dec-2019 16:16:50.727 INFO [main] org.apache.catalina.startup.VersionLoggerListener.log JVM Vendor:            Oracle Corporation
05-Dec-2019 16:16:50.727 INFO [main] org.apache.catalina.startup.VersionLoggerListener.log CATALINA_BASE:         C:\Users\neilk\Desktop\apache-tomcat-9.0.29
05-Dec-2019 16:16:50.728 INFO [main] org.apache.catalina.startup.VersionLoggerListener.log CATALINA_HOME:         C:\Users\neilk\Desktop\apache-tomcat-9.0.29
05-Dec-2019 16:16:50.730 INFO [main] org.apache.catalina.startup.VersionLoggerListener.log Command line argument: -Djava.util.logging.config.file=C:\Users\neilk\Desktop\apache-tomcat-9.0.29\conf\logging.properties
05-Dec-2019 16:16:50.731 INFO [main] org.apache.catalina.startup.VersionLoggerListener.log Command line argument: -Djava.util.logging.manager=org.apache.juli.ClassLoaderLogManager
05-Dec-2019 16:16:50.732 INFO [main] org.apache.catalina.startup.VersionLoggerListener.log Command line argument: -Djdk.tls.ephemeralDHKeySize=2048
05-Dec-2019 16:16:50.733 INFO [main] org.apache.catalina.startup.VersionLoggerListener.log Command line argument: -Djava.protocol.handler.pkgs=org.apache.catalina.webresources
05-Dec-2019 16:16:50.734 INFO [main] org.apache.catalina.startup.VersionLoggerListener.log Command line argument: -Dignore.endorsed.dirs=
05-Dec-2019 16:16:50.735 INFO [main] org.apache.catalina.startup.VersionLoggerListener.log Command line argument: -Dcatalina.base=C:\Users\neilk\Desktop\apache-tomcat-9.0.29
05-Dec-2019 16:16:50.740 INFO [main] org.apache.catalina.startup.VersionLoggerListener.log Command line argument: -Dcatalina.home=C:\Users\neilk\Desktop\apache-tomcat-9.0.29
05-Dec-2019 16:16:50.741 INFO [main] org.apache.catalina.startup.VersionLoggerListener.log Command line argument: -Djava.io.tmpdir=C:\Users\neilk\Desktop\apache-tomcat-9.0.29\temp
05-Dec-2019 16:16:50.742 INFO [main] org.apache.catalina.core.AprLifecycleListener.lifecycleEvent The APR based Apache Tomcat Native library which allows optimal performance in production environments was not found on the java.library.path: [C:\Program Files\Java\jre1.8.0_231\bin;C:\WINDOWS\Sun\Java\bin;C:\WINDOWS\system32;C:\WINDOWS;C:\Users\neilk\cmder\bin;C:\Users\neilk\cmder\vendor\bin;C:\Users\neilk\cmder\vendor\conemu-maximus5\ConEmu\Scripts;C:\Users\neilk\cmder\vendor\conemu-maximus5;C:\Users\neilk\cmder\vendor\conemu-maximus5\ConEmu;C:\Program Files (x86)\Common Files\Oracle\Java\javapath;C:\ProgramData\Oracle\Java\javapath;C:\WINDOWS\system32;C:\WINDOWS;C:\WINDOWS\System32\Wbem;C:\WINDOWS\System32\WindowsPowerShell\v1.0\;C:\Program Files\Microsoft SQL Server\130\Tools\Binn\;C:\WINDOWS\System32\OpenSSH\;C:\Program Files\nodejs\;C:\Program Files\Git\cmd;C:\Program Files\Java\jdk1.8.0_231\bin;C:\Users\neilk\Anaconda3;C:\Users\neilk\Anaconda3\Library\mingw-w64\bin;C:\Users\neilk\Anaconda3\Library\usr\bin;C:\Users\neilk\Anaconda3\Library\bin;C:\Users\neilk\Anaconda3\Scripts;C:\Users\neilk\AppData\Local\Microsoft\WindowsApps;C:\Users\neilk\AppData\Local\Microsoft\WindowsApps;C:\Users\neilk\AppData\Local\Programs\Microsoft VS Code\bin;C:\Users\neilk\AppData\Roaming\npm;C:\Users\neilk\cmder;C:\Program Files\Git\cmd;C:\Program Files\Git\mingw64\bin;C:\Program Files\Git\usr\bin;C:\Users\neilk\cmder;.]
05-Dec-2019 16:16:51.903 INFO [main] org.apache.coyote.AbstractProtocol.init Initializing ProtocolHandler ["http-nio-8080"]
05-Dec-2019 16:16:52.299 INFO [main] org.apache.coyote.AbstractProtocol.init Initializing ProtocolHandler ["ajp-nio-8009"]
05-Dec-2019 16:16:52.304 INFO [main] org.apache.catalina.startup.Catalina.load Server initialization in [1,948] milliseconds
05-Dec-2019 16:16:52.353 INFO [main] org.apache.catalina.core.StandardService.startInternal Starting service [Catalina]
05-Dec-2019 16:16:52.354 INFO [main] org.apache.catalina.core.StandardEngine.startInternal Starting Servlet engine: [Apache Tomcat/9.0.29]
05-Dec-2019 16:16:52.368 INFO [main] org.apache.catalina.startup.HostConfig.deployDirectory Deploying web application directory [C:\Users\neilk\Desktop\apache-tomcat-9.0.29\webapps\docs]
05-Dec-2019 16:16:52.861 INFO [main] org.apache.catalina.startup.HostConfig.deployDirectory Deployment of web application directory [C:\Users\neilk\Desktop\apache-tomcat-9.0.29\webapps\docs] has finished in [492] ms
05-Dec-2019 16:16:52.862 INFO [main] org.apache.catalina.startup.HostConfig.deployDirectory Deploying web application directory [C:\Users\neilk\Desktop\apache-tomcat-9.0.29\webapps\examples]
05-Dec-2019 16:16:53.526 INFO [main] org.apache.catalina.startup.HostConfig.deployDirectory Deployment of web application directory [C:\Users\neilk\Desktop\apache-tomcat-9.0.29\webapps\examples] has finished in [664] ms
05-Dec-2019 16:16:53.528 INFO [main] org.apache.catalina.startup.HostConfig.deployDirectory Deploying web application directory [C:\Users\neilk\Desktop\apache-tomcat-9.0.29\webapps\host-manager]
05-Dec-2019 16:16:53.596 INFO [main] org.apache.catalina.startup.HostConfig.deployDirectory Deployment of web application directory [C:\Users\neilk\Desktop\apache-tomcat-9.0.29\webapps\host-manager] has finished in [68] ms
05-Dec-2019 16:16:53.597 INFO [main] org.apache.catalina.startup.HostConfig.deployDirectory Deploying web application directory [C:\Users\neilk\Desktop\apache-tomcat-9.0.29\webapps\manager]
05-Dec-2019 16:16:53.647 INFO [main] org.apache.catalina.startup.HostConfig.deployDirectory Deployment of web application directory [C:\Users\neilk\Desktop\apache-tomcat-9.0.29\webapps\manager] has finished in [50] ms
05-Dec-2019 16:16:53.648 INFO [main] org.apache.catalina.startup.HostConfig.deployDirectory Deploying web application directory [C:\Users\neilk\Desktop\apache-tomcat-9.0.29\webapps\ROOT]
05-Dec-2019 16:16:53.689 INFO [main] org.apache.catalina.startup.HostConfig.deployDirectory Deployment of web application directory [C:\Users\neilk\Desktop\apache-tomcat-9.0.29\webapps\ROOT] has finished in [41] ms
05-Dec-2019 16:16:53.697 INFO [main] org.apache.coyote.AbstractProtocol.start Starting ProtocolHandler ["http-nio-8080"]
05-Dec-2019 16:16:53.708 INFO [main] org.apache.coyote.AbstractProtocol.start Starting ProtocolHandler ["ajp-nio-8009"]
05-Dec-2019 16:16:53.712 INFO [main] org.apache.catalina.startup.Catalina.start Server startup in [1,406] milliseconds
05-Dec-2019 16:19:14.175 INFO [Catalina-utility-1] org.apache.catalina.startup.HostConfig.deployWAR Deploying web application archive [C:\Users\neilk\Desktop\apache-tomcat-9.0.29\webapps\ngrams.war]
05-Dec-2019 16:19:14.478 INFO [Catalina-utility-1] org.apache.catalina.startup.HostConfig.deployWAR Deployment of web application archive [C:\Users\neilk\Desktop\apache-tomcat-9.0.29\webapps\ngrams.war] has finished in [303] ms
